<?xml version="1.0" encoding="UTF-8"?>
<testng-results skipped="0" failed="0" ignored="0" total="1" passed="1">
  <reporter-output>
  </reporter-output>
  <suite name="Default suite" duration-ms="34410" started-at="2019-07-04T08:41:55Z" finished-at="2019-07-04T08:42:30Z">
    <groups>
    </groups>
    <test name="Default test" duration-ms="34410" started-at="2019-07-04T08:41:55Z" finished-at="2019-07-04T08:42:30Z">
      <class name="samplePackage.Facebook">
        <test-method status="PASS" signature="Facebook_Login_Screen()[pri:0, instance:samplePackage.Facebook@62ee68d8]" name="Facebook_Login_Screen" duration-ms="34373" started-at="2019-07-04T08:41:56Z" finished-at="2019-07-04T08:42:30Z">
          <reporter-output>
          </reporter-output>
        </test-method> <!-- Facebook_Login_Screen -->
      </class> <!-- samplePackage.Facebook -->
    </test> <!-- Default test -->
  </suite> <!-- Default suite -->
</testng-results>
